time="2020-12-31 23:17:37" level=info msg="db location is /home/wp/gopath/src/kuiper-1.0.0-linux-x86_64/data/" file="server/server.go:40"
time="2020-12-31 23:17:37" level=info msg="sourceMeta file : edgex.json" file="plugins/sourceMeta.go:135"
time="2020-12-31 23:17:37" level=info msg="sourceMeta file : httppull.json" file="plugins/sourceMeta.go:135"
time="2020-12-31 23:17:37" level=info msg="sourceMeta file : random.json" file="plugins/sourceMeta.go:135"
time="2020-12-31 23:17:37" level=info msg="sourceMeta file : zmq.json" file="plugins/sourceMeta.go:135"
time="2020-12-31 23:17:37" level=info msg="Loading metadata file for sink: edgex.json" file="plugins/sinkMeta.go:216"
time="2020-12-31 23:17:37" level=info msg="Loading metadata file for sink: file.json" file="plugins/sinkMeta.go:216"
time="2020-12-31 23:17:37" level=info msg="Loading metadata file for sink: influx.json" file="plugins/sinkMeta.go:216"
time="2020-12-31 23:17:37" level=info msg="Loading metadata file for sink: log.json" file="plugins/sinkMeta.go:216"
time="2020-12-31 23:17:37" level=info msg="Loading metadata file for sink: mqtt.json" file="plugins/sinkMeta.go:216"
time="2020-12-31 23:17:37" level=info msg="Loading metadata file for sink: nop.json" file="plugins/sinkMeta.go:216"
time="2020-12-31 23:17:37" level=info msg="Loading metadata file for sink: options.json" file="plugins/sinkMeta.go:216"
time="2020-12-31 23:17:37" level=info msg="Loading metadata file for sink: properties.json" file="plugins/sinkMeta.go:216"
time="2020-12-31 23:17:37" level=info msg="Loading metadata file for sink: rest.json" file="plugins/sinkMeta.go:216"
time="2020-12-31 23:17:37" level=info msg="Loading metadata file for sink: tdengine.json" file="plugins/sinkMeta.go:216"
time="2020-12-31 23:17:37" level=info msg="Loading metadata file for sink: zmq.json" file="plugins/sinkMeta.go:216"
time="2020-12-31 23:17:37" level=info msg="funcMeta file : accumulateWordCount.json" file="plugins/funcMeta.go:106"
time="2020-12-31 23:17:37" level=info msg="funcMeta file : countPlusOne.json" file="plugins/funcMeta.go:106"
time="2020-12-31 23:17:37" level=info msg="funcMeta file : echo.json" file="plugins/funcMeta.go:106"
time="2020-12-31 23:17:37" level=info msg="funcMeta file : internal.json" file="plugins/funcMeta.go:106"
time="2020-12-31 23:17:37" level=info msg="funcMeta file : windows.json" file="plugins/funcMeta.go:106"
time="2020-12-31 23:17:37" level=info msg="uiMsg file : en_US.ini" file="plugins/msg_util.go:37"
time="2020-12-31 23:17:37" level=info msg="uiMsg file : zh_CN.ini" file="plugins/msg_util.go:37"
time="2020-12-31 23:17:37" level=info msg="Starting rules" file="server/server.go:58"
time="2020-12-31 23:17:37" level=info msg="Serving kuiper (version - 1.0.0) on port 20498, and restful api on http://0.0.0.0:48075. \n" file="server/server.go:135"
time="2020-12-31 23:18:01" level=info msg="rpc server shutdown." file="server/server.go:146"
time="2020-12-31 23:18:01" level=info msg="rest server successfully shutdown." file="server/server.go:151"
time="2021-01-01 19:35:40" level=info msg="db location is /home/wp/gopath/src/kuiper-1.0.0-linux-x86_64/data/" file="server/server.go:40"
time="2021-01-01 19:35:40" level=info msg="sourceMeta file : edgex.json" file="plugins/sourceMeta.go:135"
time="2021-01-01 19:35:40" level=info msg="sourceMeta file : httppull.json" file="plugins/sourceMeta.go:135"
time="2021-01-01 19:35:40" level=info msg="sourceMeta file : random.json" file="plugins/sourceMeta.go:135"
time="2021-01-01 19:35:40" level=info msg="sourceMeta file : zmq.json" file="plugins/sourceMeta.go:135"
time="2021-01-01 19:35:40" level=info msg="Loading metadata file for sink: edgex.json" file="plugins/sinkMeta.go:216"
time="2021-01-01 19:35:40" level=info msg="Loading metadata file for sink: file.json" file="plugins/sinkMeta.go:216"
time="2021-01-01 19:35:40" level=info msg="Loading metadata file for sink: influx.json" file="plugins/sinkMeta.go:216"
time="2021-01-01 19:35:40" level=info msg="Loading metadata file for sink: log.json" file="plugins/sinkMeta.go:216"
time="2021-01-01 19:35:40" level=info msg="Loading metadata file for sink: mqtt.json" file="plugins/sinkMeta.go:216"
time="2021-01-01 19:35:40" level=info msg="Loading metadata file for sink: nop.json" file="plugins/sinkMeta.go:216"
time="2021-01-01 19:35:40" level=info msg="Loading metadata file for sink: options.json" file="plugins/sinkMeta.go:216"
time="2021-01-01 19:35:40" level=info msg="Loading metadata file for sink: properties.json" file="plugins/sinkMeta.go:216"
time="2021-01-01 19:35:40" level=info msg="Loading metadata file for sink: rest.json" file="plugins/sinkMeta.go:216"
time="2021-01-01 19:35:40" level=info msg="Loading metadata file for sink: tdengine.json" file="plugins/sinkMeta.go:216"
time="2021-01-01 19:35:40" level=info msg="Loading metadata file for sink: zmq.json" file="plugins/sinkMeta.go:216"
time="2021-01-01 19:35:40" level=info msg="funcMeta file : accumulateWordCount.json" file="plugins/funcMeta.go:106"
time="2021-01-01 19:35:40" level=info msg="funcMeta file : countPlusOne.json" file="plugins/funcMeta.go:106"
time="2021-01-01 19:35:40" level=info msg="funcMeta file : echo.json" file="plugins/funcMeta.go:106"
time="2021-01-01 19:35:40" level=info msg="funcMeta file : internal.json" file="plugins/funcMeta.go:106"
time="2021-01-01 19:35:40" level=info msg="funcMeta file : windows.json" file="plugins/funcMeta.go:106"
time="2021-01-01 19:35:40" level=info msg="uiMsg file : en_US.ini" file="plugins/msg_util.go:37"
time="2021-01-01 19:35:40" level=info msg="uiMsg file : zh_CN.ini" file="plugins/msg_util.go:37"
time="2021-01-01 19:35:40" level=info msg="Starting rules" file="server/server.go:58"
time="2021-01-01 19:35:40" level=info msg="Serving kuiper (version - 1.0.0) on port 20498, and restful api on http://0.0.0.0:48075. \n" file="server/server.go:135"
time="2021-01-01 19:47:45" level=info msg="Stream demo is created." file="processors/xsql_processor.go:75"
time="2021-01-01 19:48:17" level=error msg="Create rule error: SQL 123 is not a select statement." file="server/rest.go:48"
time="2021-01-01 19:48:29" level=error msg="Create rule error: SQL 123 is not a select statement." file="server/rest.go:48"
time="2021-01-01 19:49:30" level=error msg="Create rule error: SQL rule's sql,like SELECT * FROM demo is not a select statement." file="server/rest.go:48"
time="2021-01-01 19:50:25" level=info msg="Rule 123 is created." file="processors/xsql_processor.go:226"
time="2021-01-01 19:50:25" level=info msg="Init rule with options &{IsEventTime:false LateTol:1000 Concurrency:1 BufferLength:1024 SendMetaToSink:false Qos:0 CheckpointInterval:300000}" file="processors/xsql_processor.go:484"
time="2021-01-01 19:50:25" level=info msg="Rule 123 is replaced." file="processors/xsql_processor.go:254"
time="2021-01-01 19:50:25" level=info msg="Opening stream" file="xstream/streams.go:134" rule=123
time="2021-01-01 19:50:25" level=info msg="open source node demo with option map[FORMAT:json TYPE:edgex]" file="nodes/source_node.go:58" rule=123
time="2021-01-01 19:50:25" level=info msg="open source node 1 instances" file="nodes/source_node.go:77" rule=123
time="2021-01-01 19:50:25" level=info msg="closing rule 123 for error: cannot get the plugin file path: invalid name edgex: not exist" file="server/ruleManager.go:69"
time="2021-01-01 19:50:25" level=info msg="open sink node 1 instances" file="nodes/sink_node.go:156" rule=123
time="2021-01-01 19:50:25" level=info msg="unary operator preprocessor_demo instance 0 cancelling...." file="nodes/operations.go:133" rule=123
time="2021-01-01 19:50:25" level=info msg="unary operator preprocessor_demo instance 0 done, cancelling future items" file="nodes/operations.go:82" rule=123
time="2021-01-01 19:50:25" level=info msg="unary operator project instance 0 cancelling...." file="nodes/operations.go:133" rule=123
time="2021-01-01 19:50:25" level=info msg="unary operator project instance 0 done, cancelling future items" file="nodes/operations.go:82" rule=123
